{
  "RSpec": {
    "coverage": {
      "/Users/eriese/ga_wdi/projects/third_proj/app/controllers/application_controller.rb": [
        1,
        1,
        null
      ],
      "/Users/eriese/ga_wdi/projects/third_proj/app/helpers/application_helper.rb": [
        1,
        null
      ],
      "/Users/eriese/ga_wdi/projects/third_proj/app/helpers/welcome_helper.rb": [
        1,
        null
      ],
      "/Users/eriese/ga_wdi/projects/third_proj/app/controllers/contacts_controller.rb": [
        1,
        1,
        0,
        null,
        1,
        0,
        null,
        1,
        0,
        0,
        0,
        null,
        0,
        null,
        1,
        0,
        null,
        1,
        0,
        null,
        1,
        0,
        0,
        0,
        null,
        0,
        null,
        null,
        1,
        0,
        0,
        null,
        null
      ],
      "/Users/eriese/ga_wdi/projects/third_proj/app/models/contact.rb": [
        null,
        null,
        null,
        null,
        null,
        null,
        null,
        null,
        null,
        null,
        null,
        null,
        null,
        1,
        1,
        1,
        1,
        1,
        null
      ],
      "/Users/eriese/ga_wdi/projects/third_proj/app/controllers/encounters_controller.rb": [
        1,
        1,
        0,
        0,
        null,
        1,
        0,
        0,
        0,
        0,
        0,
        null,
        1,
        0,
        0,
        0,
        0,
        null,
        0,
        null,
        null,
        1,
        0,
        0,
        0,
        0,
        0,
        null,
        1,
        0,
        0,
        0,
        0,
        null,
        1,
        0,
        0,
        0,
        0,
        0,
        0,
        null,
        null,
        0,
        null,
        0,
        null,
        null,
        1,
        0,
        0,
        null,
        null
      ],
      "/Users/eriese/ga_wdi/projects/third_proj/app/models/encounter.rb": [
        null,
        null,
        null,
        null,
        null,
        null,
        null,
        null,
        null,
        null,
        null,
        null,
        null,
        null,
        1,
        1,
        1,
        1,
        1,
        1,
        null,
        1,
        1,
        1,
        1,
        1,
        1,
        1,
        null,
        null,
        1,
        2,
        null,
        1,
        2,
        null,
        1,
        1,
        1,
        1,
        1,
        1,
        1,
        1,
        1,
        1,
        null,
        null
      ],
      "/Users/eriese/ga_wdi/projects/third_proj/app/controllers/instruments_controller.rb": [
        1,
        1,
        0,
        null,
        1,
        0,
        null,
        1,
        0,
        0,
        0,
        null,
        0,
        null,
        null,
        1,
        0,
        null,
        1,
        0,
        null,
        1,
        0,
        0,
        0,
        null,
        0,
        null,
        null,
        1,
        0,
        0,
        null,
        null
      ],
      "/Users/eriese/ga_wdi/projects/third_proj/app/models/instrument.rb": [
        null,
        null,
        null,
        null,
        null,
        null,
        null,
        null,
        null,
        null,
        1,
        1,
        1,
        1,
        null
      ],
      "/Users/eriese/ga_wdi/projects/third_proj/app/controllers/partners_controller.rb": [
        1,
        1,
        0,
        0,
        0,
        0,
        0,
        0,
        0,
        null,
        null,
        null,
        1,
        0,
        0,
        0,
        null,
        null,
        1,
        0,
        0,
        0,
        0,
        null,
        0,
        null,
        null,
        1,
        0,
        0,
        0,
        null,
        0,
        null,
        null,
        1,
        0,
        0,
        0,
        0,
        0,
        0,
        null,
        0,
        0,
        null,
        null,
        0,
        null,
        null,
        1,
        0,
        0,
        0,
        0,
        null,
        0,
        null,
        null,
        0,
        null,
        null,
        1,
        0,
        0,
        0,
        null,
        0,
        null,
        null,
        null
      ],
      "/Users/eriese/ga_wdi/projects/third_proj/app/models/partner.rb": [
        null,
        null,
        null,
        null,
        null,
        null,
        null,
        null,
        null,
        null,
        null,
        null,
        null,
        null,
        null,
        1,
        1,
        1,
        1,
        1,
        1,
        1,
        1,
        4,
        null,
        1,
        4,
        null,
        1,
        1,
        1,
        null,
        1,
        null,
        0,
        null,
        0,
        null,
        0,
        null,
        1,
        1,
        null,
        1,
        2,
        1,
        null,
        null,
        null,
        null,
        1,
        3,
        2,
        1,
        null,
        1,
        null,
        null,
        1,
        null,
        null,
        null
      ],
      "/Users/eriese/ga_wdi/projects/third_proj/app/controllers/prefs_controller.rb": [
        1,
        1,
        0,
        null,
        1,
        0,
        null,
        1,
        0,
        0,
        0,
        null,
        0,
        null,
        null,
        1,
        0,
        null,
        1,
        0,
        null,
        1,
        0,
        0,
        0,
        null,
        0,
        null,
        null,
        1,
        0,
        0,
        null,
        null
      ],
      "/Users/eriese/ga_wdi/projects/third_proj/app/models/pref.rb": [
        null,
        null,
        null,
        null,
        null,
        null,
        null,
        null,
        null,
        null,
        null,
        null,
        1,
        1,
        1,
        1,
        1,
        1,
        1,
        null
      ],
      "/Users/eriese/ga_wdi/projects/third_proj/app/controllers/pronouns_controller.rb": [
        1,
        1,
        0,
        null,
        1,
        0,
        null,
        1,
        0,
        0,
        0,
        null,
        0,
        null,
        null,
        1,
        0,
        null,
        1,
        0,
        null,
        1,
        0,
        0,
        0,
        null,
        0,
        null,
        null,
        1,
        0,
        0,
        null,
        null
      ],
      "/Users/eriese/ga_wdi/projects/third_proj/app/models/pronoun.rb": [
        null,
        null,
        null,
        null,
        null,
        null,
        null,
        null,
        null,
        null,
        null,
        null,
        null,
        null,
        1,
        1,
        1,
        1,
        1,
        1,
        null
      ],
      "/Users/eriese/ga_wdi/projects/third_proj/app/controllers/sti_tests_controller.rb": [
        1,
        1,
        0,
        0,
        0,
        null,
        1,
        0,
        0,
        0,
        null,
        1,
        0,
        0,
        0,
        0,
        null,
        0,
        null,
        null,
        1,
        0,
        0,
        0,
        null,
        1,
        0,
        0,
        0,
        null,
        1,
        0,
        0,
        0,
        0,
        0,
        null,
        null,
        0,
        null,
        0,
        null,
        null,
        1,
        0,
        0,
        null,
        null
      ],
      "/Users/eriese/ga_wdi/projects/third_proj/app/models/sti_test.rb": [
        null,
        null,
        null,
        null,
        null,
        null,
        null,
        null,
        null,
        null,
        null,
        1,
        1,
        1,
        1,
        1,
        null
      ],
      "/Users/eriese/ga_wdi/projects/third_proj/app/controllers/users_controller.rb": [
        1,
        1,
        9,
        8,
        null,
        1,
        null,
        null,
        1,
        2,
        2,
        2,
        2,
        2,
        null,
        1,
        0,
        0,
        0,
        0,
        null,
        0,
        null,
        null,
        1,
        7,
        7,
        7,
        7,
        182,
        null,
        null,
        1,
        0,
        0,
        0,
        0,
        null,
        0,
        0,
        null,
        0,
        null,
        1,
        0,
        0,
        0,
        null,
        0,
        null,
        null,
        1,
        0,
        0,
        null,
        1,
        0,
        0,
        0,
        null,
        1,
        0,
        0,
        0,
        0,
        null,
        null
      ],
      "/Users/eriese/ga_wdi/projects/third_proj/app/models/user.rb": [
        null,
        null,
        null,
        null,
        null,
        null,
        null,
        null,
        null,
        null,
        null,
        null,
        null,
        1,
        1,
        1,
        1,
        1,
        1,
        1,
        1,
        1,
        1,
        null,
        1,
        0,
        0,
        null,
        null,
        null,
        null,
        null,
        1,
        7,
        0,
        0,
        0,
        null,
        0,
        0,
        0,
        0,
        0,
        null,
        0,
        null,
        null,
        7,
        null,
        null,
        1,
        null,
        null
      ],
      "/Users/eriese/ga_wdi/projects/third_proj/app/controllers/welcome_controller.rb": [
        1,
        1,
        12,
        3,
        null,
        9,
        null,
        null,
        1,
        4,
        4,
        4,
        null,
        1,
        1,
        1,
        null,
        null
      ],
      "/Users/eriese/ga_wdi/projects/third_proj/app/models/disease.rb": [
        null,
        null,
        null,
        null,
        null,
        null,
        null,
        null,
        null,
        null,
        null,
        null,
        1,
        1,
        1,
        1,
        null,
        1,
        186,
        3,
        null,
        186,
        3,
        3,
        3,
        3,
        null,
        null,
        null
      ],
      "/Users/eriese/ga_wdi/projects/third_proj/app/models/infection.rb": [
        null,
        null,
        null,
        null,
        null,
        null,
        null,
        null,
        null,
        null,
        null,
        null,
        1,
        1,
        1,
        1,
        null
      ]
    },
    "timestamp": 1387391889
  }
}
